2020-11-04 16:02:41 INFO  main com.codeworld.fc.user.CodeworldCloudUserApplication No active profile set, falling back to default profiles: default
2020-11-04 16:02:42 INFO  main org.springframework.cloud.context.scope.GenericScope BeanFactory id=7212241f-a83b-33c3-8386-758c21302712
2020-11-04 16:02:42 INFO  main org.springframework.context.support.PostProcessorRegistrationDelegate$BeanPostProcessorChecker Bean 'spring.datasource.dynamic-com.baomidou.dynamic.datasource.spring.boot.autoconfigure.DynamicDataSourceProperties' of type [com.baomidou.dynamic.datasource.spring.boot.autoconfigure.DynamicDataSourceProperties] is not eligible for getting processed by all BeanPostProcessors (for example: not eligible for auto-proxying)
2020-11-04 16:02:42 INFO  main org.springframework.context.support.PostProcessorRegistrationDelegate$BeanPostProcessorChecker Bean 'com.baomidou.dynamic.datasource.spring.boot.autoconfigure.DynamicDataSourceAutoConfiguration' of type [com.baomidou.dynamic.datasource.spring.boot.autoconfigure.DynamicDataSourceAutoConfiguration$$EnhancerBySpringCGLIB$$a5fd2d9f] is not eligible for getting processed by all BeanPostProcessors (for example: not eligible for auto-proxying)
2020-11-04 16:02:42 INFO  main org.springframework.context.support.PostProcessorRegistrationDelegate$BeanPostProcessorChecker Bean 'dsProcessor' of type [com.baomidou.dynamic.datasource.processor.DsHeaderProcessor] is not eligible for getting processed by all BeanPostProcessors (for example: not eligible for auto-proxying)
2020-11-04 16:02:42 INFO  main org.springframework.context.support.PostProcessorRegistrationDelegate$BeanPostProcessorChecker Bean 'dynamicDatasourceAnnotationAdvisor' of type [com.baomidou.dynamic.datasource.aop.DynamicDataSourceAnnotationAdvisor] is not eligible for getting processed by all BeanPostProcessors (for example: not eligible for auto-proxying)
2020-11-04 16:02:42 INFO  main org.springframework.boot.web.embedded.tomcat.TomcatWebServer Tomcat initialized with port(s): 8001 (http)
2020-11-04 16:02:42 INFO  main org.apache.coyote.http11.Http11NioProtocol Initializing ProtocolHandler ["http-nio-8001"]
2020-11-04 16:02:42 INFO  main org.apache.catalina.core.StandardService Starting service [Tomcat]
2020-11-04 16:02:42 INFO  main org.apache.catalina.core.StandardEngine Starting Servlet engine: [Apache Tomcat/9.0.37]
2020-11-04 16:02:43 INFO  main org.apache.catalina.core.ContainerBase.[Tomcat].[localhost].[/] Initializing Spring embedded WebApplicationContext
2020-11-04 16:02:43 INFO  main org.springframework.boot.web.servlet.context.ServletWebServerApplicationContext Root WebApplicationContext: initialization completed in 1372 ms
2020-11-04 16:02:43 INFO  main com.baomidou.dynamic.datasource.DynamicRoutingDataSource 初始共加载 0 个数据源
2020-11-04 16:02:43 INFO  main org.apache.catalina.core.StandardService Stopping service [Tomcat]
2020-11-04 16:02:43 INFO  main org.springframework.boot.autoconfigure.logging.ConditionEvaluationReportLoggingListener 

Error starting ApplicationContext. To display the conditions report re-run your application with 'debug' enabled.
2020-11-04 16:05:54 INFO  main com.codeworld.fc.user.CodeworldCloudUserApplication No active profile set, falling back to default profiles: default
2020-11-04 16:05:55 INFO  main org.springframework.cloud.context.scope.GenericScope BeanFactory id=7212241f-a83b-33c3-8386-758c21302712
2020-11-04 16:05:55 INFO  main org.springframework.context.support.PostProcessorRegistrationDelegate$BeanPostProcessorChecker Bean 'spring.datasource.dynamic-com.baomidou.dynamic.datasource.spring.boot.autoconfigure.DynamicDataSourceProperties' of type [com.baomidou.dynamic.datasource.spring.boot.autoconfigure.DynamicDataSourceProperties] is not eligible for getting processed by all BeanPostProcessors (for example: not eligible for auto-proxying)
2020-11-04 16:05:55 INFO  main org.springframework.context.support.PostProcessorRegistrationDelegate$BeanPostProcessorChecker Bean 'com.baomidou.dynamic.datasource.spring.boot.autoconfigure.DynamicDataSourceAutoConfiguration' of type [com.baomidou.dynamic.datasource.spring.boot.autoconfigure.DynamicDataSourceAutoConfiguration$$EnhancerBySpringCGLIB$$4e259aad] is not eligible for getting processed by all BeanPostProcessors (for example: not eligible for auto-proxying)
2020-11-04 16:05:55 INFO  main org.springframework.context.support.PostProcessorRegistrationDelegate$BeanPostProcessorChecker Bean 'dsProcessor' of type [com.baomidou.dynamic.datasource.processor.DsHeaderProcessor] is not eligible for getting processed by all BeanPostProcessors (for example: not eligible for auto-proxying)
2020-11-04 16:05:55 INFO  main org.springframework.context.support.PostProcessorRegistrationDelegate$BeanPostProcessorChecker Bean 'dynamicDatasourceAnnotationAdvisor' of type [com.baomidou.dynamic.datasource.aop.DynamicDataSourceAnnotationAdvisor] is not eligible for getting processed by all BeanPostProcessors (for example: not eligible for auto-proxying)
2020-11-04 16:05:55 INFO  main org.springframework.boot.web.embedded.tomcat.TomcatWebServer Tomcat initialized with port(s): 8001 (http)
2020-11-04 16:05:55 INFO  main org.apache.coyote.http11.Http11NioProtocol Initializing ProtocolHandler ["http-nio-8001"]
2020-11-04 16:05:55 INFO  main org.apache.catalina.core.StandardService Starting service [Tomcat]
2020-11-04 16:05:55 INFO  main org.apache.catalina.core.StandardEngine Starting Servlet engine: [Apache Tomcat/9.0.37]
2020-11-04 16:05:56 INFO  main org.apache.catalina.core.ContainerBase.[Tomcat].[localhost].[/] Initializing Spring embedded WebApplicationContext
2020-11-04 16:05:56 INFO  main org.springframework.boot.web.servlet.context.ServletWebServerApplicationContext Root WebApplicationContext: initialization completed in 1456 ms
2020-11-04 16:05:56 INFO  main com.zaxxer.hikari.HikariDataSource base - Starting...
2020-11-04 16:05:56 INFO  main com.zaxxer.hikari.HikariDataSource base - Start completed.
2020-11-04 16:05:56 INFO  main com.baomidou.dynamic.datasource.DynamicRoutingDataSource 初始共加载 1 个数据源
2020-11-04 16:05:56 INFO  main com.baomidou.dynamic.datasource.DynamicRoutingDataSource 动态数据源-加载 base 成功
2020-11-04 16:05:56 INFO  main com.baomidou.dynamic.datasource.DynamicRoutingDataSource 当前的默认数据源是单数据源，数据源名为 base
2020-11-04 16:05:56 INFO  main com.netflix.config.sources.URLConfigurationSource To enable URLs as dynamic configuration sources, define System property archaius.configurationSource.additionalUrls or make config.properties available on classpath.
2020-11-04 16:05:56 INFO  main com.netflix.config.sources.URLConfigurationSource To enable URLs as dynamic configuration sources, define System property archaius.configurationSource.additionalUrls or make config.properties available on classpath.
2020-11-04 16:05:56 INFO  main org.springframework.scheduling.concurrent.ThreadPoolTaskExecutor Initializing ExecutorService 'applicationTaskExecutor'
2020-11-04 16:05:59 INFO  main org.springframework.cloud.commons.util.InetUtils Cannot determine local hostname
2020-11-04 16:05:59 INFO  main org.springframework.scheduling.concurrent.ThreadPoolTaskScheduler Initializing ExecutorService
2020-11-04 16:06:01 INFO  main org.springframework.cloud.commons.util.InetUtils Cannot determine local hostname
2020-11-04 16:06:01 INFO  main org.apache.coyote.http11.Http11NioProtocol Starting ProtocolHandler ["http-nio-8001"]
2020-11-04 16:06:01 INFO  main org.springframework.boot.web.embedded.tomcat.TomcatWebServer Tomcat started on port(s): 8001 (http) with context path ''
2020-11-04 16:06:01 INFO  main org.springframework.cloud.alibaba.nacos.registry.NacosServiceRegistry nacos registry, codeworld-cloud-user 192.168.220.1:8001 register finished
2020-11-04 16:06:03 INFO  main org.springframework.cloud.commons.util.InetUtils Cannot determine local hostname
2020-11-04 16:06:03 INFO  main com.codeworld.fc.user.CodeworldCloudUserApplication Started CodeworldCloudUserApplication in 15.424 seconds (JVM running for 17.852)
2020-11-04 16:07:15 INFO  http-nio-8001-exec-1 org.apache.catalina.core.ContainerBase.[Tomcat].[localhost].[/] Initializing Spring DispatcherServlet 'dispatcherServlet'
2020-11-04 16:07:15 INFO  http-nio-8001-exec-1 org.springframework.web.servlet.DispatcherServlet Initializing Servlet 'dispatcherServlet'
2020-11-04 16:07:15 INFO  http-nio-8001-exec-1 org.springframework.web.servlet.DispatcherServlet Completed initialization in 6 ms
2020-11-04 16:07:15 INFO  http-nio-8001-exec-1 com.netflix.config.ChainedDynamicProperty Flipping property: codeworld-cloud-role.ribbon.ActiveConnectionsLimit to use NEXT property: niws.loadbalancer.availabilityFilteringRule.activeConnectionsLimit = 2147483647
2020-11-04 16:07:15 INFO  http-nio-8001-exec-1 com.netflix.loadbalancer.BaseLoadBalancer Client: codeworld-cloud-role instantiated a LoadBalancer: DynamicServerListLoadBalancer:{NFLoadBalancer:name=codeworld-cloud-role,current list of Servers=[],Load balancer stats=Zone stats: {},Server stats: []}ServerList:null
2020-11-04 16:07:15 INFO  http-nio-8001-exec-1 com.netflix.loadbalancer.DynamicServerListLoadBalancer Using serverListUpdater PollingServerListUpdater
2020-11-04 16:07:15 INFO  http-nio-8001-exec-1 com.netflix.config.ChainedDynamicProperty Flipping property: codeworld-cloud-role.ribbon.ActiveConnectionsLimit to use NEXT property: niws.loadbalancer.availabilityFilteringRule.activeConnectionsLimit = 2147483647
2020-11-04 16:07:15 INFO  http-nio-8001-exec-1 com.netflix.loadbalancer.DynamicServerListLoadBalancer DynamicServerListLoadBalancer for client codeworld-cloud-role initialized: DynamicServerListLoadBalancer:{NFLoadBalancer:name=codeworld-cloud-role,current list of Servers=[192.168.220.1:8003],Load balancer stats=Zone stats: {unknown=[Zone:unknown;	Instance count:1;	Active connections count: 0;	Circuit breaker tripped count: 0;	Active connections per server: 0.0;]
},Server stats: [[Server:192.168.220.1:8003;	Zone:UNKNOWN;	Total Requests:0;	Successive connection failure:0;	Total blackout seconds:0;	Last connection made:Thu Jan 01 08:00:00 CST 1970;	First connection made: Thu Jan 01 08:00:00 CST 1970;	Active Connections:0;	total failure count in last (1000) msecs:0;	average resp time:0.0;	90 percentile resp time:0.0;	95 percentile resp time:0.0;	min resp time:0.0;	max resp time:0.0;	stddev resp time:0.0]
]}ServerList:org.springframework.cloud.alibaba.nacos.ribbon.NacosServerList@77684790
2020-11-04 16:07:16 INFO  PollingServerListUpdater-0 com.netflix.config.ChainedDynamicProperty Flipping property: codeworld-cloud-role.ribbon.ActiveConnectionsLimit to use NEXT property: niws.loadbalancer.availabilityFilteringRule.activeConnectionsLimit = 2147483647
2020-11-04 16:10:21 INFO  main com.codeworld.fc.user.CodeworldCloudUserApplication No active profile set, falling back to default profiles: default
2020-11-04 16:10:22 INFO  main org.springframework.cloud.context.scope.GenericScope BeanFactory id=7212241f-a83b-33c3-8386-758c21302712
2020-11-04 16:10:22 INFO  main org.springframework.context.support.PostProcessorRegistrationDelegate$BeanPostProcessorChecker Bean 'spring.datasource.dynamic-com.baomidou.dynamic.datasource.spring.boot.autoconfigure.DynamicDataSourceProperties' of type [com.baomidou.dynamic.datasource.spring.boot.autoconfigure.DynamicDataSourceProperties] is not eligible for getting processed by all BeanPostProcessors (for example: not eligible for auto-proxying)
2020-11-04 16:10:22 INFO  main org.springframework.context.support.PostProcessorRegistrationDelegate$BeanPostProcessorChecker Bean 'com.baomidou.dynamic.datasource.spring.boot.autoconfigure.DynamicDataSourceAutoConfiguration' of type [com.baomidou.dynamic.datasource.spring.boot.autoconfigure.DynamicDataSourceAutoConfiguration$$EnhancerBySpringCGLIB$$e0f2069d] is not eligible for getting processed by all BeanPostProcessors (for example: not eligible for auto-proxying)
2020-11-04 16:10:22 INFO  main org.springframework.context.support.PostProcessorRegistrationDelegate$BeanPostProcessorChecker Bean 'dsProcessor' of type [com.baomidou.dynamic.datasource.processor.DsHeaderProcessor] is not eligible for getting processed by all BeanPostProcessors (for example: not eligible for auto-proxying)
2020-11-04 16:10:22 INFO  main org.springframework.context.support.PostProcessorRegistrationDelegate$BeanPostProcessorChecker Bean 'dynamicDatasourceAnnotationAdvisor' of type [com.baomidou.dynamic.datasource.aop.DynamicDataSourceAnnotationAdvisor] is not eligible for getting processed by all BeanPostProcessors (for example: not eligible for auto-proxying)
2020-11-04 16:10:23 INFO  main org.springframework.boot.web.embedded.tomcat.TomcatWebServer Tomcat initialized with port(s): 8001 (http)
2020-11-04 16:10:23 INFO  main org.apache.coyote.http11.Http11NioProtocol Initializing ProtocolHandler ["http-nio-8001"]
2020-11-04 16:10:23 INFO  main org.apache.catalina.core.StandardService Starting service [Tomcat]
2020-11-04 16:10:23 INFO  main org.apache.catalina.core.StandardEngine Starting Servlet engine: [Apache Tomcat/9.0.37]
2020-11-04 16:10:23 INFO  main org.apache.catalina.core.ContainerBase.[Tomcat].[localhost].[/] Initializing Spring embedded WebApplicationContext
2020-11-04 16:10:23 INFO  main org.springframework.boot.web.servlet.context.ServletWebServerApplicationContext Root WebApplicationContext: initialization completed in 1532 ms
2020-11-04 16:10:23 INFO  main com.baomidou.dynamic.datasource.DynamicRoutingDataSource 动态数据源-检测到并开启了p6spy
2020-11-04 16:10:23 INFO  main com.zaxxer.hikari.HikariDataSource base - Starting...
2020-11-04 16:10:23 INFO  main com.zaxxer.hikari.HikariDataSource base - Start completed.
2020-11-04 16:10:23 INFO  main com.baomidou.dynamic.datasource.DynamicRoutingDataSource 初始共加载 1 个数据源
2020-11-04 16:10:23 INFO  main com.baomidou.dynamic.datasource.DynamicRoutingDataSource 动态数据源-加载 base 成功
2020-11-04 16:10:23 INFO  main com.baomidou.dynamic.datasource.DynamicRoutingDataSource 当前的默认数据源是单数据源，数据源名为 base
2020-11-04 16:10:24 INFO  main com.netflix.config.sources.URLConfigurationSource To enable URLs as dynamic configuration sources, define System property archaius.configurationSource.additionalUrls or make config.properties available on classpath.
2020-11-04 16:10:24 INFO  main com.netflix.config.sources.URLConfigurationSource To enable URLs as dynamic configuration sources, define System property archaius.configurationSource.additionalUrls or make config.properties available on classpath.
2020-11-04 16:10:24 INFO  main org.springframework.scheduling.concurrent.ThreadPoolTaskExecutor Initializing ExecutorService 'applicationTaskExecutor'
2020-11-04 16:10:26 INFO  main org.springframework.cloud.commons.util.InetUtils Cannot determine local hostname
2020-11-04 16:10:26 INFO  main org.springframework.scheduling.concurrent.ThreadPoolTaskScheduler Initializing ExecutorService
2020-11-04 16:10:28 INFO  main org.springframework.cloud.commons.util.InetUtils Cannot determine local hostname
2020-11-04 16:10:28 INFO  main org.apache.coyote.http11.Http11NioProtocol Starting ProtocolHandler ["http-nio-8001"]
2020-11-04 16:10:28 INFO  main org.springframework.boot.web.embedded.tomcat.TomcatWebServer Tomcat started on port(s): 8001 (http) with context path ''
2020-11-04 16:10:28 INFO  main org.springframework.cloud.alibaba.nacos.registry.NacosServiceRegistry nacos registry, codeworld-cloud-user 192.168.220.1:8001 register finished
2020-11-04 16:10:30 INFO  main org.springframework.cloud.commons.util.InetUtils Cannot determine local hostname
2020-11-04 16:10:30 INFO  main com.codeworld.fc.user.CodeworldCloudUserApplication Started CodeworldCloudUserApplication in 14.24 seconds (JVM running for 16.633)
2020-11-04 16:11:26 INFO  http-nio-8001-exec-1 org.apache.catalina.core.ContainerBase.[Tomcat].[localhost].[/] Initializing Spring DispatcherServlet 'dispatcherServlet'
2020-11-04 16:11:26 INFO  http-nio-8001-exec-1 org.springframework.web.servlet.DispatcherServlet Initializing Servlet 'dispatcherServlet'
2020-11-04 16:11:26 INFO  http-nio-8001-exec-1 org.springframework.web.servlet.DispatcherServlet Completed initialization in 12 ms
2020-11-04 16:11:26 INFO  http-nio-8001-exec-1 p6spy 2020-11-04 16:11:26 | 耗时 1 ms | SQL 语句：
update codeworld_user set t_user_status = 0 where t_user_id = 1;
